#
# There is insufficient memory for the Java Runtime Environment to continue.
# Native memory allocation (malloc) failed to allocate 1048576 bytes for AllocateHeap
# Possible reasons:
#   The system is out of physical RAM or swap space
#   The process is running with CompressedOops enabled, and the Java Heap may be blocking the growth of the native heap
# Possible solutions:
#   Reduce memory load on the system
#   Increase physical memory or swap space
#   Check if swap backing store is full
#   Decrease Java heap size (-Xmx/-Xms)
#   Decrease number of Java threads
#   Decrease Java thread stack sizes (-Xss)
#   Set larger code cache with -XX:ReservedCodeCacheSize=
# This output file may be truncated or incomplete.
#
#  Out of Memory Error (src/hotspot/share/memory/allocation.cpp:46), pid=6396, tid=17996
#
# JRE version:  (11.0.15) (build )
# Java VM: OpenJDK 64-Bit Server VM (11.0.15+0-b2043.56-9505619, mixed mode, sharing, tiered, compressed oops, g1 gc, windows-amd64)
# No core dump will be written. Minidumps are not enabled by default on client versions of Windows
#

---------------  S U M M A R Y ------------

Command Line: git4idea.http.GitAskPassApp Username for 'https://github.com': 

Host: Intel(R) Core(TM) i7-6700 CPU @ 3.40GHz, 8 cores, 15G,  Windows 10 , 64 bit Build 19041 (10.0.19041.2913)
Time: Wed May 24 18:46:53 2023 Hora de verano romance elapsed time: 0.077437 seconds (0d 0h 0m 0s)

---------------  T H R E A D  ---------------

Current thread (0x0000022b974dc800):  JavaThread "Unknown thread" [_thread_in_vm, id=17996, stack(0x0000009011800000,0x0000009011900000)]

Stack: [0x0000009011800000,0x0000009011900000]
Native frames: (J=compiled Java code, j=interpreted, Vv=VM code, C=native code)
V  [jvm.dll+0x64135a]
V  [jvm.dll+0x7d39f9]
V  [jvm.dll+0x7d51b9]
V  [jvm.dll+0x7d58a3]
V  [jvm.dll+0x2691c5]
V  [jvm.dll+0xb8874]
V  [jvm.dll+0x305f59]
V  [jvm.dll+0x2ffaed]
V  [jvm.dll+0x7accd7]
V  [jvm.dll+0x7ae49f]
V  [jvm.dll+0x37d299]
V  [jvm.dll+0x78ef9f]
V  [jvm.dll+0x3ec847]
V  [jvm.dll+0x3eed31]
C  [jli.dll+0x52cb]
C  [ucrtbase.dll+0x21bb2]
C  [KERNEL32.DLL+0x17614]
C  [ntdll.dll+0x526a1]


---------------  P R O C E S S  ---------------

Threads class SMR info:
_java_thread_list=0x0000022b952eae10, length=0, elements={
}

Java Threads: ( => current thread )

Other Threads:
  0x0000022b974f4000 GCTaskThread "GC Thread#0" [stack: 0x0000009011900000,0x0000009011a00000] [id=18372]

[error occurred during error reporting (printing all threads), id 0xc0000005, EXCEPTION_ACCESS_VIOLATION (0xc0000005) at pc=0x00007ffb1aadbf70]

VM state:not at safepoint (not fully initialized)

VM Mutex/Monitor currently owned by a thread:  ([mutex/lock_event])
[0x0000022b974d8940] Heap_lock - owner thread: 0x0000022b974dc800

Heap address: 0x0000000701400000, size: 4076 MB, Compressed Oops mode: Non-zero based: 0x0000000701400000
Narrow klass base: 0x0000000000000000, Narrow klass shift: 0

GC Heap History (0 events):
No events

Deoptimization events (0 events):
No events

Classes redefined (0 events):
No events

Internal exceptions (0 events):
No events

Events (1 events):
Event: 0.020 Loaded shared library E:\Program Files\Android\Android Studio\jbr\bin\zip.dll


Dynamic libraries:
0x00007ff6f6fa0000 - 0x00007ff6f6faa000 	E:\Program Files\Android\Android Studio\jbr\bin\java.exe
0x00007ffb42250000 - 0x00007ffb42448000 	C:\Windows\SYSTEM32\ntdll.dll
0x00007ffb40960000 - 0x00007ffb40a1f000 	C:\Windows\System32\KERNEL32.DLL
0x00007ffb3fb10000 - 0x00007ffb3fe06000 	C:\Windows\System32\KERNELBASE.dll
0x00007ffb3f980000 - 0x00007ffb3fa80000 	C:\Windows\System32\ucrtbase.dll
0x00007ffb3b040000 - 0x00007ffb3b057000 	E:\Program Files\Android\Android Studio\jbr\bin\jli.dll
0x00007ffb3b000000 - 0x00007ffb3b01b000 	E:\Program Files\Android\Android Studio\jbr\bin\VCRUNTIME140.dll
0x00007ffb41690000 - 0x00007ffb4182d000 	C:\Windows\System32\USER32.dll
0x00007ffb3fe40000 - 0x00007ffb3fe62000 	C:\Windows\System32\win32u.dll
0x00007ffb2cbf0000 - 0x00007ffb2ce8a000 	C:\Windows\WinSxS\amd64_microsoft.windows.common-controls_6595b64144ccf1df_6.0.19041.1110_none_60b5254171f9507e\COMCTL32.dll
0x00007ffb41380000 - 0x00007ffb413ac000 	C:\Windows\System32\GDI32.dll
0x00007ffb42170000 - 0x00007ffb4220e000 	C:\Windows\System32\msvcrt.dll
0x00007ffb3ff10000 - 0x00007ffb40025000 	C:\Windows\System32\gdi32full.dll
0x00007ffb3fe70000 - 0x00007ffb3ff0d000 	C:\Windows\System32\msvcp_win.dll
0x00007ffb41150000 - 0x00007ffb41180000 	C:\Windows\System32\IMM32.DLL
0x00007ffb3b140000 - 0x00007ffb3b14c000 	E:\Program Files\Android\Android Studio\jbr\bin\vcruntime140_1.dll
0x00007ffb34610000 - 0x00007ffb3469d000 	E:\Program Files\Android\Android Studio\jbr\bin\msvcp140.dll
0x00007ffb1a7d0000 - 0x00007ffb1b38c000 	E:\Program Files\Android\Android Studio\jbr\bin\server\jvm.dll
0x00007ffb40a80000 - 0x00007ffb40b2f000 	C:\Windows\System32\ADVAPI32.dll
0x00007ffb408c0000 - 0x00007ffb4095c000 	C:\Windows\System32\sechost.dll
0x00007ffb418f0000 - 0x00007ffb41a16000 	C:\Windows\System32\RPCRT4.dll
0x00007ffb41180000 - 0x00007ffb41188000 	C:\Windows\System32\PSAPI.DLL
0x00007ffb347f0000 - 0x00007ffb34817000 	C:\Windows\SYSTEM32\WINMM.dll
0x00007ffb344a0000 - 0x00007ffb344a9000 	C:\Windows\SYSTEM32\WSOCK32.dll
0x00007ffb35b40000 - 0x00007ffb35b4a000 	C:\Windows\SYSTEM32\VERSION.dll
0x00007ffb414c0000 - 0x00007ffb4152b000 	C:\Windows\System32\WS2_32.dll
0x00007ffb3e1a0000 - 0x00007ffb3e1b2000 	C:\Windows\SYSTEM32\kernel.appcore.dll
0x00007ffb3b030000 - 0x00007ffb3b040000 	E:\Program Files\Android\Android Studio\jbr\bin\verify.dll
0x00007ffb3ce70000 - 0x00007ffb3d054000 	C:\Windows\SYSTEM32\DBGHELP.DLL
0x00007ffb340c0000 - 0x00007ffb340f4000 	C:\Windows\SYSTEM32\dbgcore.DLL
0x00007ffb3fa80000 - 0x00007ffb3fb02000 	C:\Windows\System32\bcryptPrimitives.dll
0x00007ffb3a790000 - 0x00007ffb3a7b8000 	E:\Program Files\Android\Android Studio\jbr\bin\java.dll
0x00007ffb3b020000 - 0x00007ffb3b02a000 	E:\Program Files\Android\Android Studio\jbr\bin\jimage.dll
0x00007ffb38c90000 - 0x00007ffb38ca8000 	E:\Program Files\Android\Android Studio\jbr\bin\zip.dll

dbghelp: loaded successfully - version: 4.0.5 - missing functions: none
symbol engine: initialized successfully - sym options: 0x614 - pdb path: .;E:\Program Files\Android\Android Studio\jbr\bin;C:\Windows\SYSTEM32;C:\Windows\WinSxS\amd64_microsoft.windows.common-controls_6595b64144ccf1df_6.0.19041.1110_none_60b5254171f9507e;E:\Program Files\Android\Android Studio\jbr\bin\server

VM Arguments:
java_command: git4idea.http.GitAskPassApp Username for 'https://github.com': 
java_class_path (initial): E:/Program Files/Android/Android Studio/plugins/git4idea/lib/git4idea-rt.jar;E:/Program Files/Android/Android Studio/lib/externalProcess-rt.jar;E:/Program Files/Android/Android Studio/lib/app.jar;E:/Program Files/Android/Android Studio/lib/3rd-party-rt.jar
Launcher Type: SUN_STANDARD

[Global flags]
     intx CICompilerCount                          = 4                                         {product} {ergonomic}
     uint ConcGCThreads                            = 2                                         {product} {ergonomic}
     uint G1ConcRefinementThreads                  = 8                                         {product} {ergonomic}
   size_t G1HeapRegionSize                         = 1048576                                   {product} {ergonomic}
    uintx GCDrainStackTargetSize                   = 64                                        {product} {ergonomic}
   size_t InitialHeapSize                          = 268435456                                 {product} {ergonomic}
   size_t MarkStackSize                            = 4194304                                   {product} {ergonomic}
   size_t MaxHeapSize                              = 4273995776                                {product} {ergonomic}
   size_t MinHeapDeltaBytes                        = 1048576                                   {product} {ergonomic}
    uintx NonNMethodCodeHeapSize                   = 5836300                                {pd product} {ergonomic}
    uintx NonProfiledCodeHeapSize                  = 122910970                              {pd product} {ergonomic}
    uintx ProfiledCodeHeapSize                     = 122910970                              {pd product} {ergonomic}
    uintx ReservedCodeCacheSize                    = 251658240                              {pd product} {ergonomic}
     bool SegmentedCodeCache                       = true                                      {product} {ergonomic}
     bool UseCompressedClassPointers               = true                                 {lp64_product} {ergonomic}
     bool UseCompressedOops                        = true                                 {lp64_product} {ergonomic}
     bool UseG1GC                                  = true                                      {product} {ergonomic}
     bool UseLargePagesIndividualAllocation        = false                                  {pd product} {ergonomic}

Logging:
Log output configuration:
 #0: stdout all=warning uptime,level,tags
 #1: stderr all=off uptime,level,tags

Environment Variables:
PATH=C:\Program Files\Git\mingw64\libexec\git-core;C:\Program Files\Git\mingw64\libexec\git-core;C:\Program Files\Git\mingw64\bin;C:\Program Files\Git\usr\bin;C:\Users\sergi\bin;C:\Program Files\Common Files\Oracle\Java\javapath;C:\Program Files (x86)\Common Files\Oracle\Java\javapath;C:\Users\sergi\AppData\Local\Programs\Python\Python310;C:\Users\sergi\AppData\Local\Programs\Python\Python310\Scripts;C:\Program Files (x86)\Razer Chroma SDK\bin;C:\Program Files\Razer Chroma SDK\bin;C:\Windows\system32;C:\Windows;C:\Windows\System32\Wbem;C:\Windows\System32\WindowsPowerShell\v1.0;C:\Windows\System32\OpenSSH;C:\Users\sergi\AppData\Local\Microsoft\WindowsApps;C:\Program Files\NVIDIA Corporation\NVIDIA NvDLISR;C:\Program Files (x86)\NVIDIA Corporation\PhysX\Common;E:\Program Files (x86)\BaseX\bin;C:\Program Files\Git\cmd;C:\src\flutter\bin;C:\Program Files\Microsoft SQL Server\150\Tools\Binn;C:\Program Files\Microsoft SQL Server\Client SDK\ODBC\170\Tools\Binn;C:\Program Files\dotnet;C:\Users\sergi\AppData\Local\Pub\Cache\bin;C:\Program Files\nodejs;C:\Users\sergi\AppData\Local\Microsoft\WindowsApps;C:\Users\sergi\AppData\Local\Programs\Microsoft VS Code\bin;C:\Users\sergi\.dotnet\tools;C:\Users\sergi\AppData\Roaming\npm
USERNAME=sergi
DISPLAY=:0.0
LC_ALL=en_US.UTF-8
OS=Windows_NT
PROCESSOR_IDENTIFIER=Intel64 Family 6 Model 94 Stepping 3, GenuineIntel



---------------  S Y S T E M  ---------------

OS: Windows 10 , 64 bit Build 19041 (10.0.19041.2913)
OS uptime: 0 days 10:09 hours

CPU:total 8 (initial active 8) (4 cores per cpu, 2 threads per core) family 6 model 94 stepping 3 microcode 0xcc, cmov, cx8, fxsr, mmx, sse, sse2, sse3, ssse3, sse4.1, sse4.2, popcnt, avx, avx2, aes, clmul, erms, rtm, 3dnowpref, lzcnt, ht, tsc, tscinvbit, bmi1, bmi2, adx, fma

Memory: 4k page, system-wide physical 16301M (2634M free)
TotalPageFile size 45975M (AvailPageFile size 3M)
current process WorkingSet (physical memory assigned to process): 10M, peak: 10M
current process commit charge ("private bytes"): 52M, peak: 53M

vm_info: OpenJDK 64-Bit Server VM (11.0.15+0-b2043.56-9505619) for windows-amd64 JRE (11.0.15+0-b2043.56-9505619), built on Jan 19 2023 02:48:00 by "builduser" with unknown MS VC++:1929

END.
